<?xml version="1.0" encoding="UTF-8"?>
<testsuite xmlns:xsi="http://www.w3.org/2001/XMLSchema-instance" xsi:noNamespaceSchemaLocation="https://maven.apache.org/surefire/maven-surefire-plugin/xsd/surefire-test-report.xsd" name="org.springframework.samples.petclinic.config.PetclinicConfigServerApplicationTests" time="4.517" tests="1" errors="0" skipped="0" failures="0">
  <properties>
    <property name="awt.toolkit" value="sun.awt.X11.XToolkit"/>
    <property name="git.tags" value=""/>
    <property name="java.specification.version" value="1.8"/>
    <property name="file.encoding.pkg" value="sun.io"/>
    <property name="sun.cpu.isalist" value=""/>
    <property name="git.build.version" value="2.6.1"/>
    <property name="sun.jnu.encoding" value="ANSI_X3.4-1968"/>
    <property name="java.class.path" value="/home/mrrobot/projects/spring/spring-petclinic-microservices/spring-petclinic-config-server/target/test-classes:/home/mrrobot/projects/spring/spring-petclinic-microservices/spring-petclinic-config-server/target/classes:/home/mrrobot/.m2/repository/org/springframework/boot/spring-boot-starter-test/2.6.1/spring-boot-starter-test-2.6.1.jar:/home/mrrobot/.m2/repository/org/springframework/boot/spring-boot-starter/2.6.1/spring-boot-starter-2.6.1.jar:/home/mrrobot/.m2/repository/org/springframework/boot/spring-boot/2.6.1/spring-boot-2.6.1.jar:/home/mrrobot/.m2/repository/org/springframework/spring-context/5.3.13/spring-context-5.3.13.jar:/home/mrrobot/.m2/repository/org/springframework/boot/spring-boot-autoconfigure/2.6.1/spring-boot-autoconfigure-2.6.1.jar:/home/mrrobot/.m2/repository/org/springframework/boot/spring-boot-starter-logging/2.6.1/spring-boot-starter-logging-2.6.1.jar:/home/mrrobot/.m2/repository/ch/qos/logback/logback-classic/1.2.7/logback-classic-1.2.7.jar:/home/mrrobot/.m2/repository/ch/qos/logback/logback-core/1.2.7/logback-core-1.2.7.jar:/home/mrrobot/.m2/repository/org/apache/logging/log4j/log4j-to-slf4j/2.14.1/log4j-to-slf4j-2.14.1.jar:/home/mrrobot/.m2/repository/org/apache/logging/log4j/log4j-api/2.14.1/log4j-api-2.14.1.jar:/home/mrrobot/.m2/repository/org/slf4j/jul-to-slf4j/1.7.32/jul-to-slf4j-1.7.32.jar:/home/mrrobot/.m2/repository/jakarta/annotation/jakarta.annotation-api/1.3.5/jakarta.annotation-api-1.3.5.jar:/home/mrrobot/.m2/repository/org/springframework/boot/spring-boot-test/2.6.1/spring-boot-test-2.6.1.jar:/home/mrrobot/.m2/repository/org/springframework/boot/spring-boot-test-autoconfigure/2.6.1/spring-boot-test-autoconfigure-2.6.1.jar:/home/mrrobot/.m2/repository/com/jayway/jsonpath/json-path/2.6.0/json-path-2.6.0.jar:/home/mrrobot/.m2/repository/net/minidev/json-smart/2.4.7/json-smart-2.4.7.jar:/home/mrrobot/.m2/repository/net/minidev/accessors-smart/2.4.7/accessors-smart-2.4.7.jar:/home/mrrobot/.m2/repository/org/ow2/asm/asm/9.1/asm-9.1.jar:/home/mrrobot/.m2/repository/org/slf4j/slf4j-api/1.7.32/slf4j-api-1.7.32.jar:/home/mrrobot/.m2/repository/jakarta/xml/bind/jakarta.xml.bind-api/2.3.3/jakarta.xml.bind-api-2.3.3.jar:/home/mrrobot/.m2/repository/jakarta/activation/jakarta.activation-api/1.2.2/jakarta.activation-api-1.2.2.jar:/home/mrrobot/.m2/repository/org/assertj/assertj-core/3.17.1/assertj-core-3.17.1.jar:/home/mrrobot/.m2/repository/org/hamcrest/hamcrest/2.2/hamcrest-2.2.jar:/home/mrrobot/.m2/repository/org/junit/jupiter/junit-jupiter/5.8.1/junit-jupiter-5.8.1.jar:/home/mrrobot/.m2/repository/org/junit/jupiter/junit-jupiter-params/5.8.1/junit-jupiter-params-5.8.1.jar:/home/mrrobot/.m2/repository/org/mockito/mockito-core/4.0.0/mockito-core-4.0.0.jar:/home/mrrobot/.m2/repository/net/bytebuddy/byte-buddy/1.11.22/byte-buddy-1.11.22.jar:/home/mrrobot/.m2/repository/net/bytebuddy/byte-buddy-agent/1.11.22/byte-buddy-agent-1.11.22.jar:/home/mrrobot/.m2/repository/org/objenesis/objenesis/3.2/objenesis-3.2.jar:/home/mrrobot/.m2/repository/org/mockito/mockito-junit-jupiter/4.0.0/mockito-junit-jupiter-4.0.0.jar:/home/mrrobot/.m2/repository/org/skyscreamer/jsonassert/1.5.0/jsonassert-1.5.0.jar:/home/mrrobot/.m2/repository/com/vaadin/external/google/android-json/0.0.20131108.vaadin1/android-json-0.0.20131108.vaadin1.jar:/home/mrrobot/.m2/repository/org/springframework/spring-core/5.3.13/spring-core-5.3.13.jar:/home/mrrobot/.m2/repository/org/springframework/spring-jcl/5.3.13/spring-jcl-5.3.13.jar:/home/mrrobot/.m2/repository/org/springframework/spring-test/5.3.13/spring-test-5.3.13.jar:/home/mrrobot/.m2/repository/org/xmlunit/xmlunit-core/2.8.3/xmlunit-core-2.8.3.jar:/home/mrrobot/.m2/repository/org/springframework/cloud/spring-cloud-config-server/3.1.0/spring-cloud-config-server-3.1.0.jar:/home/mrrobot/.m2/repository/org/springframework/cloud/spring-cloud-config-client/3.1.0/spring-cloud-config-client-3.1.0.jar:/home/mrrobot/.m2/repository/org/springframework/cloud/spring-cloud-commons/3.1.0/spring-cloud-commons-3.1.0.jar:/home/mrrobot/.m2/repository/org/springframework/cloud/spring-cloud-context/3.1.0/spring-cloud-context-3.1.0.jar:/home/mrrobot/.m2/repository/org/springframework/spring-web/5.3.13/spring-web-5.3.13.jar:/home/mrrobot/.m2/repository/org/springframework/spring-beans/5.3.13/spring-beans-5.3.13.jar:/home/mrrobot/.m2/repository/com/fasterxml/jackson/core/jackson-annotations/2.13.0/jackson-annotations-2.13.0.jar:/home/mrrobot/.m2/repository/com/fasterxml/jackson/core/jackson-databind/2.13.0/jackson-databind-2.13.0.jar:/home/mrrobot/.m2/repository/org/apache/httpcomponents/httpclient/4.5.13/httpclient-4.5.13.jar:/home/mrrobot/.m2/repository/commons-codec/commons-codec/1.15/commons-codec-1.15.jar:/home/mrrobot/.m2/repository/org/springframework/boot/spring-boot-starter-web/2.6.1/spring-boot-starter-web-2.6.1.jar:/home/mrrobot/.m2/repository/org/springframework/boot/spring-boot-starter-json/2.6.1/spring-boot-starter-json-2.6.1.jar:/home/mrrobot/.m2/repository/com/fasterxml/jackson/datatype/jackson-datatype-jdk8/2.13.0/jackson-datatype-jdk8-2.13.0.jar:/home/mrrobot/.m2/repository/com/fasterxml/jackson/datatype/jackson-datatype-jsr310/2.13.0/jackson-datatype-jsr310-2.13.0.jar:/home/mrrobot/.m2/repository/com/fasterxml/jackson/module/jackson-module-parameter-names/2.13.0/jackson-module-parameter-names-2.13.0.jar:/home/mrrobot/.m2/repository/org/springframework/boot/spring-boot-starter-tomcat/2.6.1/spring-boot-starter-tomcat-2.6.1.jar:/home/mrrobot/.m2/repository/org/apache/tomcat/embed/tomcat-embed-core/9.0.55/tomcat-embed-core-9.0.55.jar:/home/mrrobot/.m2/repository/org/apache/tomcat/embed/tomcat-embed-websocket/9.0.55/tomcat-embed-websocket-9.0.55.jar:/home/mrrobot/.m2/repository/org/springframework/spring-webmvc/5.3.13/spring-webmvc-5.3.13.jar:/home/mrrobot/.m2/repository/org/springframework/spring-aop/5.3.13/spring-aop-5.3.13.jar:/home/mrrobot/.m2/repository/org/springframework/spring-expression/5.3.13/spring-expression-5.3.13.jar:/home/mrrobot/.m2/repository/org/springframework/boot/spring-boot-starter-validation/2.6.1/spring-boot-starter-validation-2.6.1.jar:/home/mrrobot/.m2/repository/org/apache/tomcat/embed/tomcat-embed-el/9.0.55/tomcat-embed-el-9.0.55.jar:/home/mrrobot/.m2/repository/org/hibernate/validator/hibernate-validator/6.2.0.Final/hibernate-validator-6.2.0.Final.jar:/home/mrrobot/.m2/repository/jakarta/validation/jakarta.validation-api/2.0.2/jakarta.validation-api-2.0.2.jar:/home/mrrobot/.m2/repository/org/jboss/logging/jboss-logging/3.4.2.Final/jboss-logging-3.4.2.Final.jar:/home/mrrobot/.m2/repository/com/fasterxml/classmate/1.5.1/classmate-1.5.1.jar:/home/mrrobot/.m2/repository/org/springframework/security/spring-security-crypto/5.6.0/spring-security-crypto-5.6.0.jar:/home/mrrobot/.m2/repository/org/springframework/security/spring-security-rsa/1.0.10.RELEASE/spring-security-rsa-1.0.10.RELEASE.jar:/home/mrrobot/.m2/repository/org/bouncycastle/bcpkix-jdk15on/1.68/bcpkix-jdk15on-1.68.jar:/home/mrrobot/.m2/repository/org/bouncycastle/bcprov-jdk15on/1.68/bcprov-jdk15on-1.68.jar:/home/mrrobot/.m2/repository/org/eclipse/jgit/org.eclipse.jgit/5.12.0.202106070339-r/org.eclipse.jgit-5.12.0.202106070339-r.jar:/home/mrrobot/.m2/repository/com/googlecode/javaewah/JavaEWAH/1.1.7/JavaEWAH-1.1.7.jar:/home/mrrobot/.m2/repository/org/eclipse/jgit/org.eclipse.jgit.http.apache/5.12.0.202106070339-r/org.eclipse.jgit.http.apache-5.12.0.202106070339-r.jar:/home/mrrobot/.m2/repository/org/apache/httpcomponents/httpcore/4.4.14/httpcore-4.4.14.jar:/home/mrrobot/.m2/repository/org/eclipse/jgit/org.eclipse.jgit.ssh.jsch/5.12.0.202106070339-r/org.eclipse.jgit.ssh.jsch-5.12.0.202106070339-r.jar:/home/mrrobot/.m2/repository/com/jcraft/jsch/0.1.55/jsch-0.1.55.jar:/home/mrrobot/.m2/repository/com/jcraft/jzlib/1.1.1/jzlib-1.1.1.jar:/home/mrrobot/.m2/repository/org/yaml/snakeyaml/1.29/snakeyaml-1.29.jar:/home/mrrobot/.m2/repository/com/fasterxml/jackson/dataformat/jackson-dataformat-yaml/2.13.0/jackson-dataformat-yaml-2.13.0.jar:/home/mrrobot/.m2/repository/com/fasterxml/jackson/core/jackson-core/2.13.0/jackson-core-2.13.0.jar:/home/mrrobot/.m2/repository/org/jolokia/jolokia-core/1.7.1/jolokia-core-1.7.1.jar:/home/mrrobot/.m2/repository/com/googlecode/json-simple/json-simple/1.1.1/json-simple-1.1.1.jar:/home/mrrobot/.m2/repository/org/junit/jupiter/junit-jupiter-api/5.8.1/junit-jupiter-api-5.8.1.jar:/home/mrrobot/.m2/repository/org/opentest4j/opentest4j/1.2.0/opentest4j-1.2.0.jar:/home/mrrobot/.m2/repository/org/junit/platform/junit-platform-commons/1.8.1/junit-platform-commons-1.8.1.jar:/home/mrrobot/.m2/repository/org/apiguardian/apiguardian-api/1.1.2/apiguardian-api-1.1.2.jar:/home/mrrobot/.m2/repository/org/junit/jupiter/junit-jupiter-engine/5.8.1/junit-jupiter-engine-5.8.1.jar:/home/mrrobot/.m2/repository/org/junit/platform/junit-platform-engine/1.8.1/junit-platform-engine-1.8.1.jar:"/>
    <property name="git.branch" value="master"/>
    <property name="git.build.host" value="rhelbox"/>
    <property name="java.vm.vendor" value="Red Hat, Inc."/>
    <property name="sun.arch.data.model" value="64"/>
    <property name="git.commit.id" value="05007a6d435ae5ec8310a4c17d0be6cd2a5470e7"/>
    <property name="java.vendor.url" value="https://www.redhat.com/"/>
    <property name="user.timezone" value=""/>
    <property name="os.name" value="Linux"/>
    <property name="java.vm.specification.version" value="1.8"/>
    <property name="git.commit.author.time" value="2021-12-18T19:30:09+0530"/>
    <property name="sun.java.launcher" value="SUN_STANDARD"/>
    <property name="git.build.user.name" value="vigneshm243"/>
    <property name="user.country" value="US"/>
    <property name="sun.boot.library.path" value="/usr/lib/jvm/java-1.8.0-openjdk-1.8.0.302.b08-0.el8_4.x86_64/jre/lib/amd64"/>
    <property name="sun.java.command" value="/home/mrrobot/projects/spring/spring-petclinic-microservices/spring-petclinic-config-server/target/surefire/surefirebooter6371942076666666910.jar /home/mrrobot/projects/spring/spring-petclinic-microservices/spring-petclinic-config-server/target/surefire 2021-12-23T18-25-04_516-jvmRun1 surefire3905328013772208218tmp surefire_3999460813291611674tmp"/>
    <property name="surefire.test.class.path" value="/home/mrrobot/projects/spring/spring-petclinic-microservices/spring-petclinic-config-server/target/test-classes:/home/mrrobot/projects/spring/spring-petclinic-microservices/spring-petclinic-config-server/target/classes:/home/mrrobot/.m2/repository/org/springframework/boot/spring-boot-starter-test/2.6.1/spring-boot-starter-test-2.6.1.jar:/home/mrrobot/.m2/repository/org/springframework/boot/spring-boot-starter/2.6.1/spring-boot-starter-2.6.1.jar:/home/mrrobot/.m2/repository/org/springframework/boot/spring-boot/2.6.1/spring-boot-2.6.1.jar:/home/mrrobot/.m2/repository/org/springframework/spring-context/5.3.13/spring-context-5.3.13.jar:/home/mrrobot/.m2/repository/org/springframework/boot/spring-boot-autoconfigure/2.6.1/spring-boot-autoconfigure-2.6.1.jar:/home/mrrobot/.m2/repository/org/springframework/boot/spring-boot-starter-logging/2.6.1/spring-boot-starter-logging-2.6.1.jar:/home/mrrobot/.m2/repository/ch/qos/logback/logback-classic/1.2.7/logback-classic-1.2.7.jar:/home/mrrobot/.m2/repository/ch/qos/logback/logback-core/1.2.7/logback-core-1.2.7.jar:/home/mrrobot/.m2/repository/org/apache/logging/log4j/log4j-to-slf4j/2.14.1/log4j-to-slf4j-2.14.1.jar:/home/mrrobot/.m2/repository/org/apache/logging/log4j/log4j-api/2.14.1/log4j-api-2.14.1.jar:/home/mrrobot/.m2/repository/org/slf4j/jul-to-slf4j/1.7.32/jul-to-slf4j-1.7.32.jar:/home/mrrobot/.m2/repository/jakarta/annotation/jakarta.annotation-api/1.3.5/jakarta.annotation-api-1.3.5.jar:/home/mrrobot/.m2/repository/org/springframework/boot/spring-boot-test/2.6.1/spring-boot-test-2.6.1.jar:/home/mrrobot/.m2/repository/org/springframework/boot/spring-boot-test-autoconfigure/2.6.1/spring-boot-test-autoconfigure-2.6.1.jar:/home/mrrobot/.m2/repository/com/jayway/jsonpath/json-path/2.6.0/json-path-2.6.0.jar:/home/mrrobot/.m2/repository/net/minidev/json-smart/2.4.7/json-smart-2.4.7.jar:/home/mrrobot/.m2/repository/net/minidev/accessors-smart/2.4.7/accessors-smart-2.4.7.jar:/home/mrrobot/.m2/repository/org/ow2/asm/asm/9.1/asm-9.1.jar:/home/mrrobot/.m2/repository/org/slf4j/slf4j-api/1.7.32/slf4j-api-1.7.32.jar:/home/mrrobot/.m2/repository/jakarta/xml/bind/jakarta.xml.bind-api/2.3.3/jakarta.xml.bind-api-2.3.3.jar:/home/mrrobot/.m2/repository/jakarta/activation/jakarta.activation-api/1.2.2/jakarta.activation-api-1.2.2.jar:/home/mrrobot/.m2/repository/org/assertj/assertj-core/3.17.1/assertj-core-3.17.1.jar:/home/mrrobot/.m2/repository/org/hamcrest/hamcrest/2.2/hamcrest-2.2.jar:/home/mrrobot/.m2/repository/org/junit/jupiter/junit-jupiter/5.8.1/junit-jupiter-5.8.1.jar:/home/mrrobot/.m2/repository/org/junit/jupiter/junit-jupiter-params/5.8.1/junit-jupiter-params-5.8.1.jar:/home/mrrobot/.m2/repository/org/mockito/mockito-core/4.0.0/mockito-core-4.0.0.jar:/home/mrrobot/.m2/repository/net/bytebuddy/byte-buddy/1.11.22/byte-buddy-1.11.22.jar:/home/mrrobot/.m2/repository/net/bytebuddy/byte-buddy-agent/1.11.22/byte-buddy-agent-1.11.22.jar:/home/mrrobot/.m2/repository/org/objenesis/objenesis/3.2/objenesis-3.2.jar:/home/mrrobot/.m2/repository/org/mockito/mockito-junit-jupiter/4.0.0/mockito-junit-jupiter-4.0.0.jar:/home/mrrobot/.m2/repository/org/skyscreamer/jsonassert/1.5.0/jsonassert-1.5.0.jar:/home/mrrobot/.m2/repository/com/vaadin/external/google/android-json/0.0.20131108.vaadin1/android-json-0.0.20131108.vaadin1.jar:/home/mrrobot/.m2/repository/org/springframework/spring-core/5.3.13/spring-core-5.3.13.jar:/home/mrrobot/.m2/repository/org/springframework/spring-jcl/5.3.13/spring-jcl-5.3.13.jar:/home/mrrobot/.m2/repository/org/springframework/spring-test/5.3.13/spring-test-5.3.13.jar:/home/mrrobot/.m2/repository/org/xmlunit/xmlunit-core/2.8.3/xmlunit-core-2.8.3.jar:/home/mrrobot/.m2/repository/org/springframework/cloud/spring-cloud-config-server/3.1.0/spring-cloud-config-server-3.1.0.jar:/home/mrrobot/.m2/repository/org/springframework/cloud/spring-cloud-config-client/3.1.0/spring-cloud-config-client-3.1.0.jar:/home/mrrobot/.m2/repository/org/springframework/cloud/spring-cloud-commons/3.1.0/spring-cloud-commons-3.1.0.jar:/home/mrrobot/.m2/repository/org/springframework/cloud/spring-cloud-context/3.1.0/spring-cloud-context-3.1.0.jar:/home/mrrobot/.m2/repository/org/springframework/spring-web/5.3.13/spring-web-5.3.13.jar:/home/mrrobot/.m2/repository/org/springframework/spring-beans/5.3.13/spring-beans-5.3.13.jar:/home/mrrobot/.m2/repository/com/fasterxml/jackson/core/jackson-annotations/2.13.0/jackson-annotations-2.13.0.jar:/home/mrrobot/.m2/repository/com/fasterxml/jackson/core/jackson-databind/2.13.0/jackson-databind-2.13.0.jar:/home/mrrobot/.m2/repository/org/apache/httpcomponents/httpclient/4.5.13/httpclient-4.5.13.jar:/home/mrrobot/.m2/repository/commons-codec/commons-codec/1.15/commons-codec-1.15.jar:/home/mrrobot/.m2/repository/org/springframework/boot/spring-boot-starter-web/2.6.1/spring-boot-starter-web-2.6.1.jar:/home/mrrobot/.m2/repository/org/springframework/boot/spring-boot-starter-json/2.6.1/spring-boot-starter-json-2.6.1.jar:/home/mrrobot/.m2/repository/com/fasterxml/jackson/datatype/jackson-datatype-jdk8/2.13.0/jackson-datatype-jdk8-2.13.0.jar:/home/mrrobot/.m2/repository/com/fasterxml/jackson/datatype/jackson-datatype-jsr310/2.13.0/jackson-datatype-jsr310-2.13.0.jar:/home/mrrobot/.m2/repository/com/fasterxml/jackson/module/jackson-module-parameter-names/2.13.0/jackson-module-parameter-names-2.13.0.jar:/home/mrrobot/.m2/repository/org/springframework/boot/spring-boot-starter-tomcat/2.6.1/spring-boot-starter-tomcat-2.6.1.jar:/home/mrrobot/.m2/repository/org/apache/tomcat/embed/tomcat-embed-core/9.0.55/tomcat-embed-core-9.0.55.jar:/home/mrrobot/.m2/repository/org/apache/tomcat/embed/tomcat-embed-websocket/9.0.55/tomcat-embed-websocket-9.0.55.jar:/home/mrrobot/.m2/repository/org/springframework/spring-webmvc/5.3.13/spring-webmvc-5.3.13.jar:/home/mrrobot/.m2/repository/org/springframework/spring-aop/5.3.13/spring-aop-5.3.13.jar:/home/mrrobot/.m2/repository/org/springframework/spring-expression/5.3.13/spring-expression-5.3.13.jar:/home/mrrobot/.m2/repository/org/springframework/boot/spring-boot-starter-validation/2.6.1/spring-boot-starter-validation-2.6.1.jar:/home/mrrobot/.m2/repository/org/apache/tomcat/embed/tomcat-embed-el/9.0.55/tomcat-embed-el-9.0.55.jar:/home/mrrobot/.m2/repository/org/hibernate/validator/hibernate-validator/6.2.0.Final/hibernate-validator-6.2.0.Final.jar:/home/mrrobot/.m2/repository/jakarta/validation/jakarta.validation-api/2.0.2/jakarta.validation-api-2.0.2.jar:/home/mrrobot/.m2/repository/org/jboss/logging/jboss-logging/3.4.2.Final/jboss-logging-3.4.2.Final.jar:/home/mrrobot/.m2/repository/com/fasterxml/classmate/1.5.1/classmate-1.5.1.jar:/home/mrrobot/.m2/repository/org/springframework/security/spring-security-crypto/5.6.0/spring-security-crypto-5.6.0.jar:/home/mrrobot/.m2/repository/org/springframework/security/spring-security-rsa/1.0.10.RELEASE/spring-security-rsa-1.0.10.RELEASE.jar:/home/mrrobot/.m2/repository/org/bouncycastle/bcpkix-jdk15on/1.68/bcpkix-jdk15on-1.68.jar:/home/mrrobot/.m2/repository/org/bouncycastle/bcprov-jdk15on/1.68/bcprov-jdk15on-1.68.jar:/home/mrrobot/.m2/repository/org/eclipse/jgit/org.eclipse.jgit/5.12.0.202106070339-r/org.eclipse.jgit-5.12.0.202106070339-r.jar:/home/mrrobot/.m2/repository/com/googlecode/javaewah/JavaEWAH/1.1.7/JavaEWAH-1.1.7.jar:/home/mrrobot/.m2/repository/org/eclipse/jgit/org.eclipse.jgit.http.apache/5.12.0.202106070339-r/org.eclipse.jgit.http.apache-5.12.0.202106070339-r.jar:/home/mrrobot/.m2/repository/org/apache/httpcomponents/httpcore/4.4.14/httpcore-4.4.14.jar:/home/mrrobot/.m2/repository/org/eclipse/jgit/org.eclipse.jgit.ssh.jsch/5.12.0.202106070339-r/org.eclipse.jgit.ssh.jsch-5.12.0.202106070339-r.jar:/home/mrrobot/.m2/repository/com/jcraft/jsch/0.1.55/jsch-0.1.55.jar:/home/mrrobot/.m2/repository/com/jcraft/jzlib/1.1.1/jzlib-1.1.1.jar:/home/mrrobot/.m2/repository/org/yaml/snakeyaml/1.29/snakeyaml-1.29.jar:/home/mrrobot/.m2/repository/com/fasterxml/jackson/dataformat/jackson-dataformat-yaml/2.13.0/jackson-dataformat-yaml-2.13.0.jar:/home/mrrobot/.m2/repository/com/fasterxml/jackson/core/jackson-core/2.13.0/jackson-core-2.13.0.jar:/home/mrrobot/.m2/repository/org/jolokia/jolokia-core/1.7.1/jolokia-core-1.7.1.jar:/home/mrrobot/.m2/repository/com/googlecode/json-simple/json-simple/1.1.1/json-simple-1.1.1.jar:/home/mrrobot/.m2/repository/org/junit/jupiter/junit-jupiter-api/5.8.1/junit-jupiter-api-5.8.1.jar:/home/mrrobot/.m2/repository/org/opentest4j/opentest4j/1.2.0/opentest4j-1.2.0.jar:/home/mrrobot/.m2/repository/org/junit/platform/junit-platform-commons/1.8.1/junit-platform-commons-1.8.1.jar:/home/mrrobot/.m2/repository/org/apiguardian/apiguardian-api/1.1.2/apiguardian-api-1.1.2.jar:/home/mrrobot/.m2/repository/org/junit/jupiter/junit-jupiter-engine/5.8.1/junit-jupiter-engine-5.8.1.jar:/home/mrrobot/.m2/repository/org/junit/platform/junit-platform-engine/1.8.1/junit-platform-engine-1.8.1.jar:"/>
    <property name="sun.cpu.endian" value="little"/>
    <property name="user.home" value="/home/mrrobot"/>
    <property name="user.language" value="en"/>
    <property name="git.closest.tag.commit.count" value=""/>
    <property name="java.specification.vendor" value="Oracle Corporation"/>
    <property name="java.home" value="/usr/lib/jvm/java-1.8.0-openjdk-1.8.0.302.b08-0.el8_4.x86_64/jre"/>
    <property name="git.total.commit.count" value="708"/>
    <property name="file.separator" value="/"/>
    <property name="basedir" value="/home/mrrobot/projects/spring/spring-petclinic-microservices/spring-petclinic-config-server"/>
    <property name="line.separator" value="&#10;"/>
    <property name="git.commit.committer.time" value="2021-12-18T19:30:09+0530"/>
    <property name="git.build.user.email" value="vigneshm243@github.io"/>
    <property name="java.vm.specification.vendor" value="Oracle Corporation"/>
    <property name="java.specification.name" value="Java Platform API Specification"/>
    <property name="java.awt.graphicsenv" value="sun.awt.X11GraphicsEnvironment"/>
    <property name="git.closest.tag.name" value=""/>
    <property name="git.local.branch.ahead" value="0"/>
    <property name="git.build.time" value="2021-12-23T18:26:33+0530"/>
    <property name="surefire.real.class.path" value="/home/mrrobot/projects/spring/spring-petclinic-microservices/spring-petclinic-config-server/target/surefire/surefirebooter6371942076666666910.jar"/>
    <property name="git.commit.message.full" value="Return to owner details (#195)&#10;&#10;* Use Github Actions for CI&#10;&#10;* Return to the Owner details view"/>
    <property name="sun.boot.class.path" value="/usr/lib/jvm/java-1.8.0-openjdk-1.8.0.302.b08-0.el8_4.x86_64/jre/lib/resources.jar:/usr/lib/jvm/java-1.8.0-openjdk-1.8.0.302.b08-0.el8_4.x86_64/jre/lib/rt.jar:/usr/lib/jvm/java-1.8.0-openjdk-1.8.0.302.b08-0.el8_4.x86_64/jre/lib/sunrsasign.jar:/usr/lib/jvm/java-1.8.0-openjdk-1.8.0.302.b08-0.el8_4.x86_64/jre/lib/jsse.jar:/usr/lib/jvm/java-1.8.0-openjdk-1.8.0.302.b08-0.el8_4.x86_64/jre/lib/jce.jar:/usr/lib/jvm/java-1.8.0-openjdk-1.8.0.302.b08-0.el8_4.x86_64/jre/lib/charsets.jar:/usr/lib/jvm/java-1.8.0-openjdk-1.8.0.302.b08-0.el8_4.x86_64/jre/lib/jfr.jar:/usr/lib/jvm/java-1.8.0-openjdk-1.8.0.302.b08-0.el8_4.x86_64/jre/classes"/>
    <property name="sun.management.compiler" value="HotSpot 64-Bit Tiered Compilers"/>
    <property name="java.runtime.version" value="1.8.0_302-b08"/>
    <property name="user.name" value="mrrobot"/>
    <property name="path.separator" value=":"/>
    <property name="os.version" value="4.18.0-305.12.1.el8_4.x86_64"/>
    <property name="java.endorsed.dirs" value="/usr/lib/jvm/java-1.8.0-openjdk-1.8.0.302.b08-0.el8_4.x86_64/jre/lib/endorsed"/>
    <property name="java.runtime.name" value="OpenJDK Runtime Environment"/>
    <property name="file.encoding" value="ANSI_X3.4-1968"/>
    <property name="git.commit.user.email" value="antoine.rey@gmail.com"/>
    <property name="java.vm.name" value="OpenJDK 64-Bit Server VM"/>
    <property name="git.local.branch.behind" value="0"/>
    <property name="git.dirty" value="false"/>
    <property name="localRepository" value="/home/mrrobot/.m2/repository"/>
    <property name="java.vendor.url.bug" value="https://bugzilla.redhat.com/enter_bug.cgi?product=Red%20Hat%20Enterprise%20Linux%208&amp;component=java-1.8.0-openjdk"/>
    <property name="java.io.tmpdir" value="/tmp"/>
    <property name="java.version" value="1.8.0_302"/>
    <property name="user.dir" value="/home/mrrobot/projects/spring/spring-petclinic-microservices/spring-petclinic-config-server"/>
    <property name="os.arch" value="amd64"/>
    <property name="git.commit.user.name" value="Antoine Rey"/>
    <property name="git.commit.id.abbrev" value="05007a6"/>
    <property name="java.vm.specification.name" value="Java Virtual Machine Specification"/>
    <property name="java.awt.printerjob" value="sun.print.PSPrinterJob"/>
    <property name="git.commit.id.describe-short" value="05007a6"/>
    <property name="sun.os.patch.level" value="unknown"/>
    <property name="git.commit.id.describe" value="05007a6"/>
    <property name="git.commit.message.short" value="Return to owner details (#195)"/>
    <property name="java.library.path" value="/usr/java/packages/lib/amd64:/usr/lib64:/lib64:/lib:/usr/lib"/>
    <property name="java.vendor" value="Red Hat, Inc."/>
    <property name="java.vm.info" value="mixed mode"/>
    <property name="java.vm.version" value="25.302-b08"/>
    <property name="sun.io.unicode.encoding" value="UnicodeLittle"/>
    <property name="java.ext.dirs" value="/usr/lib/jvm/java-1.8.0-openjdk-1.8.0.302.b08-0.el8_4.x86_64/jre/lib/ext:/usr/java/packages/lib/ext"/>
    <property name="java.class.version" value="52.0"/>
    <property name="git.commit.time" value="2021-12-18T19:30:09+0530"/>
    <property name="git.remote.origin.url" value="https://github.com/spring-petclinic/spring-petclinic-microservices.git"/>
  </properties>
  <testcase name="contextLoads" classname="org.springframework.samples.petclinic.config.PetclinicConfigServerApplicationTests" time="0.107"/>
</testsuite>